Playing on hours: 8,9,10,11,12,13,14,15,16,17,18
Doomsday: 3
Thanksgiving: Thu Nov 22 2012 00:00:00 GMT+0000 (UTC)
Black Friday: Fri Nov 23 2012 00:00:00 GMT+0000 (UTC)
info: socket.io started
chime4
chime4
chime
chime
chime
chime
chime
chime
chime
chime
chime5
chime
chime
chime
chime
chime
warn: client not handshaken client should reconnect
chime5
chime
chime
chime
chime
chime
warn: client not handshaken client should reconnect
warn: client not handshaken client should reconnect
chime6
chime
chime
chime
chime
chime
chime
chime8
chime
chime
chime
chime
chime
chime
chime
chime
chime9
chime
chime
chime
chime
chime
chime
chime
chime
chime
chime10
chime
chime
chime
chime
chime
chime
chime
chime
chime
chime
chime11
chime
chime
chime
chime
chime
chime
chime
chime
chime
chime
chime
chime12
chime
chime
chime
chime
chime
chime
chime
chime
chime
chime
chime
chime
chime1
chime
chime2
chime
chime
chime3
chime
chime
chime
chime4
chime
chime
chime
chime
chime5
chime
chime
chime
chime
chime
chime6
chime
chime
chime
chime
chime
chime
chime8
chime
chime
chime
chime
chime
chime
chime
chime
chime9
chime
chime
chime
chime
chime
chime
chime
chime
chime
chime10
chime
chime
chime
chime
chime
chime
chime
chime
chime
chime
chime11
chime
chime
chime
chime
chime
chime
chime
chime
chime
chime
chime
chime12
chime
chime
chime
chime
chime
chime
chime
chime
chime
chime
chime
chime
chime1
chime
chime2
chime
chime
chime3
chime
chime
chime
chime4
chime
chime
chime
chime
chime5
chime
chime
chime
chime
chime
chime6
chime
chime
chime
chime
chime
chime
chime8
chime
chime
chime
chime
chime
chime
chime
chime
chime9
chime
chime
chime
chime
chime
chime
chime
chime
chime
chime10
chime
chime
chime
chime
chime
chime
chime
chime
chime
chime
chime11
chime
chime
chime
chime
chime
chime
chime
chime
chime
chime
chime
chime12
chime
chime
chime
chime
chime
chime
chime
chime
chime
chime
chime
chime
chime1
chime
chime2
chime
chime
chime3
chime
chime
chime
chime4
chime
chime
chime
chime
chime5
chime
chime
chime
chime
chime
chime6
chime
chime
chime
chime
chime
chime
chime8
chime
chime
chime
chime
chime
chime
chime
chime
chime9
chime
chime
chime
chime
chime
chime
chime
chime
chime
chime10
chime
chime
chime
chime
chime
chime
chime
chime
chime
chime
chime11
chime
chime
chime
chime
chime
chime
chime
chime
chime
chime
chime
chime12
chime
chime
chime
chime
chime
chime
chime
chime
chime
chime
chime
chime
chime1
chime
chime2
chime
chime
chime3
chime
chime
chime
chime4
chime
chime
chime
chime
chime5
chime
chime
chime
chime
chime
chime6
chime
chime
chime
chime
chime
chime
chime8
chime
chime
chime
chime
chime
chime
chime
chime
chime9
chime
chime
chime
chime
chime
chime
chime
chime
chime
chime10
chime
chime
chime
chime
chime
chime
chime
chime
chime
chime
chime11
chime
chime
chime
chime
chime
chime
chime
chime
chime
chime
chime
chime12
chime
chime
chime
chime
chime
chime
chime
chime
chime
chime
chime
chime
chime1
chime
chime2
chime
chime
chime3
chime
chime
chime
chime4
chime
chime
chime
chime
chime5
chime
chime
chime
chime
chime
chime6
chime
chime
chime
chime
chime
chime
